{
  "RSpec": {
    "coverage": {
      "/Users/scottthomas/turing/3module/projects/sweater-weather/app/models/antipode_location.rb": [
        1,
        1,
        null,
        null,
        null,
        1,
        6,
        null,
        null,
        1,
        6,
        6,
        6,
        null,
        null,
        1,
        6,
        6,
        null,
        null,
        null,
        1,
        null,
        1,
        6,
        null,
        null,
        1,
        6,
        null,
        null,
        1,
        12,
        null,
        null
      ],
      "/Users/scottthomas/turing/3module/projects/sweater-weather/app/models/antipode.rb": [
        1,
        1,
        null,
        null,
        null,
        null,
        null,
        1,
        4,
        4,
        4,
        null,
        null,
        1,
        4,
        null,
        null,
        1,
        5,
        null,
        null,
        1,
        1,
        null,
        null,
        1,
        1,
        null,
        null
      ],
      "/Users/scottthomas/turing/3module/projects/sweater-weather/app/models/antipode_weather.rb": [
        1,
        null,
        1,
        7,
        7,
        null,
        null,
        1,
        6,
        null,
        null,
        null,
        6,
        null,
        null,
        1,
        null,
        1,
        6,
        null,
        null,
        null,
        null
      ],
      "/Users/scottthomas/turing/3module/projects/sweater-weather/app/services/geocode_service.rb": [
        1,
        null,
        1,
        8,
        8,
        null,
        null,
        1,
        null,
        null,
        null,
        null,
        null,
        null,
        8,
        null,
        null,
        1,
        6,
        6,
        null,
        null,
        null,
        null,
        null,
        null,
        1,
        null,
        1,
        14,
        14,
        14,
        14,
        14,
        null,
        null,
        null,
        1,
        14,
        14,
        null,
        null,
        null
      ],
      "/Users/scottthomas/turing/3module/projects/sweater-weather/app/services/amypode_service.rb": [
        1,
        null,
        1,
        7,
        null,
        null,
        1,
        null,
        1,
        7,
        7,
        7,
        null,
        null,
        null,
        1,
        7,
        7,
        null,
        null
      ],
      "/Users/scottthomas/turing/3module/projects/sweater-weather/app/services/dark_sky_service.rb": [
        1,
        1,
        null,
        null,
        1,
        9,
        9,
        null,
        null,
        1,
        8,
        null,
        null,
        null,
        1,
        null,
        1,
        8,
        8,
        8,
        null,
        null,
        null
      ],
      "/Users/scottthomas/turing/3module/projects/sweater-weather/app/controllers/api/v1/antipode_controller.rb": [
        1,
        null,
        1,
        1,
        1,
        null,
        null,
        null,
        null
      ],
      "/Users/scottthomas/turing/3module/projects/sweater-weather/app/controllers/application_controller.rb": [
        1,
        null,
        null,
        null
      ],
      "/Users/scottthomas/turing/3module/projects/sweater-weather/app/serializers/antipode_serializer.rb": [
        1,
        1,
        null,
        1,
        null
      ],
      "/Users/scottthomas/turing/3module/projects/sweater-weather/app/controllers/api/v1/forecast_controller.rb": [
        1,
        1,
        1,
        1,
        null,
        null,
        null
      ],
      "/Users/scottthomas/turing/3module/projects/sweater-weather/app/models/forecast.rb": [
        1,
        1,
        null,
        null,
        null,
        null,
        null,
        null,
        null,
        null,
        null,
        null,
        null,
        1,
        1,
        1,
        1,
        1,
        1,
        1,
        1,
        1,
        1,
        1,
        null,
        null,
        1,
        3,
        null,
        null,
        1,
        5,
        null,
        null,
        1,
        null,
        1,
        1,
        null,
        null,
        1,
        1,
        null,
        null,
        null
      ],
      "/Users/scottthomas/turing/3module/projects/sweater-weather/app/serializers/forecast_serializer.rb": [
        1,
        1,
        null,
        1,
        null,
        null,
        null,
        null,
        null,
        null,
        null
      ],
      "/Users/scottthomas/turing/3module/projects/sweater-weather/app/mailers/application_mailer.rb": [
        0,
        0,
        0,
        0
      ],
      "/Users/scottthomas/turing/3module/projects/sweater-weather/app/models/application_record.rb": [
        0,
        0,
        0
      ],
      "/Users/scottthomas/turing/3module/projects/sweater-weather/app/jobs/application_job.rb": [
        0,
        0
      ]
    },
    "timestamp": 1555433041
  }
}
