{
  "RSpec": {
    "coverage": {
      "/Users/scottthomas/turing/3module/projects/sweater-weather/app/models/user.rb": [
        1,
        1,
        1,
        1,
        1,
        1,
        null
      ],
      "/Users/scottthomas/turing/3module/projects/sweater-weather/app/models/application_record.rb": [
        1,
        1,
        null
      ],
      "/Users/scottthomas/turing/3module/projects/sweater-weather/app/controllers/api/v1/forecast_controller.rb": [
        1,
        1,
        1,
        1,
        null,
        null,
        null
      ],
      "/Users/scottthomas/turing/3module/projects/sweater-weather/app/controllers/application_controller.rb": [
        1,
        null,
        null,
        null
      ],
      "/Users/scottthomas/turing/3module/projects/sweater-weather/app/models/forecast.rb": [
        1,
        1,
        null,
        null,
        null,
        null,
        null,
        null,
        null,
        null,
        null,
        null,
        null,
        1,
        1,
        1,
        1,
        1,
        1,
        1,
        1,
        1,
        1,
        1,
        null,
        null,
        1,
        3,
        null,
        null,
        1,
        5,
        null,
        null,
        1,
        null,
        1,
        1,
        null,
        null,
        1,
        1,
        null,
        null,
        null
      ],
      "/Users/scottthomas/turing/3module/projects/sweater-weather/app/services/geocode_service.rb": [
        1,
        null,
        1,
        2,
        2,
        null,
        null,
        1,
        null,
        null,
        null,
        null,
        null,
        null,
        2,
        null,
        null,
        1,
        null,
        1,
        2,
        2,
        2,
        2,
        2,
        null,
        null,
        null,
        1,
        2,
        2,
        null,
        null,
        null
      ],
      "/Users/scottthomas/turing/3module/projects/sweater-weather/app/services/dark_sky_service.rb": [
        1,
        1,
        null,
        null,
        1,
        3,
        3,
        null,
        null,
        1,
        2,
        null,
        null,
        null,
        1,
        null,
        1,
        2,
        2,
        2,
        null,
        null,
        null
      ],
      "/Users/scottthomas/turing/3module/projects/sweater-weather/app/serializers/forecast_serializer.rb": [
        1,
        1,
        null,
        1,
        null,
        null,
        null,
        null,
        null,
        null,
        null
      ],
      "/Users/scottthomas/turing/3module/projects/sweater-weather/app/controllers/api/v1/users_controller.rb": [
        1,
        1,
        3,
        3,
        2,
        2,
        2,
        null,
        1,
        null,
        null,
        null,
        null,
        1,
        null,
        1,
        3,
        null,
        null
      ],
      "/Users/scottthomas/turing/3module/projects/sweater-weather/app/controllers/api/v1/base_controller.rb": [
        1,
        null,
        1,
        1,
        null,
        null
      ],
      "/Users/scottthomas/turing/3module/projects/sweater-weather/app/services/flickr_service.rb": [
        1,
        1,
        null,
        null,
        1,
        2,
        2,
        null,
        null,
        1,
        1,
        1,
        null,
        null,
        1,
        null,
        null,
        1,
        1,
        1,
        1,
        1,
        1,
        1,
        1,
        1,
        1,
        1,
        null,
        null,
        null
      ],
      "/Users/scottthomas/turing/3module/projects/sweater-weather/app/mailers/application_mailer.rb": [
        0,
        0,
        0,
        0
      ],
      "/Users/scottthomas/turing/3module/projects/sweater-weather/app/models/background.rb": [
        0,
        0,
        0,
        0,
        0,
        null,
        0,
        0,
        0,
        0,
        0,
        null,
        0,
        0,
        0,
        null,
        0,
        null,
        0,
        0,
        0,
        null,
        0,
        0,
        0,
        null,
        0
      ],
      "/Users/scottthomas/turing/3module/projects/sweater-weather/app/serializers/backgrounds_serializer.rb": [
        0,
        0,
        0,
        0
      ],
      "/Users/scottthomas/turing/3module/projects/sweater-weather/app/jobs/application_job.rb": [
        0,
        0
      ],
      "/Users/scottthomas/turing/3module/projects/sweater-weather/app/controllers/api/v1/backgrounds_controller.rb": [
        0,
        null,
        0,
        0,
        0,
        0,
        null,
        null,
        0
      ]
    },
    "timestamp": 1555454025
  }
}
